<?xml version="1.0" encoding="UTF-8"?>
<!-- Generated by org.testng.reporters.JUnitXMLReporter -->
<testsuite hostname="ESTL-SatyajitM" ignored="0" name="Default test" tests="3" failures="0" timestamp="20 Sep 2018 10:44:19 GMT" time="38.912" errors="0">
  <testcase name="loginPageTitleTest" time="0.049" classname="com.crm.qa.testcases.LoginPageTest"/>
  <testcase name="crmLogoImageTest" time="0.109" classname="com.crm.qa.testcases.LoginPageTest"/>
  <testcase name="loginTest" time="10.719" classname="com.crm.qa.testcases.LoginPageTest"/>
</testsuite> <!-- Default test -->
